[2026-01-15 06:15:02] === Close Positions başlatıldı ===
[2026-01-15 06:15:05] STOP kapandı: SODA | entry=323.82 exit=122.18 pnl=-62.27%
[2026-01-15 06:15:19] STOP kapandı: SODA | entry=108.54 exit=49.02 pnl=-54.84%
[2026-01-15 06:15:24] STOP kapandı: SODA | entry=354.88 exit=219.89 pnl=-38.04%
[2026-01-15 06:15:37] TARGET kapandı: SODA | entry=251.37 exit=270.18 pnl=7.48%
[2026-01-15 06:15:37] STOP kapandı: KOZAA | entry=117.5 exit=102.5 pnl=-12.77%
[2026-01-15 06:15:41] STOP kapandı: KOZAL | entry=46.68 exit=40 pnl=-14.31%
[2026-01-15 06:15:43] === Close Positions bitti | Kapanan: 6 ===
[2026-01-15 06:20:02] === Close Positions başlatıldı ===
[2026-01-15 06:20:28] STOP kapandı: SODA | entry=455.34 exit=65.63 pnl=-85.59%
[2026-01-15 06:20:40] === Close Positions bitti | Kapanan: 1 ===
[2026-01-15 06:25:02] === Close Positions başlatıldı ===
[2026-01-15 06:25:37] === Close Positions bitti | Kapanan: 0 ===
[2026-01-15 06:30:03] === Close Positions başlatıldı ===
[2026-01-15 06:30:38] === Close Positions bitti | Kapanan: 0 ===
[2026-01-15 06:35:02] === Close Positions başlatıldı ===
[2026-01-15 06:35:37] === Close Positions bitti | Kapanan: 0 ===
[2026-01-15 06:40:02] === Close Positions başlatıldı ===
[2026-01-15 06:40:37] === Close Positions bitti | Kapanan: 0 ===
[2026-01-15 06:45:03] === Close Positions başlatıldı ===
[2026-01-15 06:45:38] === Close Positions bitti | Kapanan: 0 ===
