[2026-01-14 09:55:11] Toplam kullanıcı: 2
[2026-01-14 09:55:11] Toplam yeni fırsat: 5
[2026-01-14 09:55:11] Gönderiliyor: User ID 1 | Chat ID 5404023486
[2026-01-14 09:55:12] ✅ Bildirim gonderildi: User ID 1
[2026-01-14 09:55:13] Gönderiliyor: User ID 2 | Chat ID 1106155759
[2026-01-14 09:55:13] ✅ Bildirim gonderildi: User ID 2
[2026-01-14 09:55:14] Fırsatlar 'bildirildi' olarak işaretlendi: 5 adet
[2026-01-14 09:55:14] Bildirim gonderimi tamamlandi.
[2026-01-14 09:55:39] Son bildirimden bu yana 5 dk dolmadı. Çıkılıyor.
[2026-01-14 10:00:03] Son bildirimden bu yana 5 dk dolmadı. Çıkılıyor.
[2026-01-14 10:10:02] Toplam kullanıcı: 2
[2026-01-14 10:10:02] Toplam yeni fırsat: 5
[2026-01-14 10:10:02] Gönderiliyor: User ID 1 | Chat ID 5404023486
[2026-01-14 10:10:03] ✅ Bildirim gonderildi: User ID 1
[2026-01-14 10:10:04] Gönderiliyor: User ID 2 | Chat ID 1106155759
[2026-01-14 10:10:04] ✅ Bildirim gonderildi: User ID 2
[2026-01-14 10:10:05] Fırsatlar 'bildirildi' olarak işaretlendi: 5 adet
[2026-01-14 10:10:05] Bildirim gonderimi tamamlandi.
[2026-01-14 10:38:16] Toplam kullanıcı: 2
[2026-01-14 10:38:16] Toplam yeni fırsat: 5
[2026-01-14 10:38:16] Gönderiliyor: User ID 1 | Chat ID 5404023486
[2026-01-14 10:38:16] ✅ Bildirim gonderildi: User ID 1
[2026-01-14 10:38:17] Gönderiliyor: User ID 2 | Chat ID 1106155759
[2026-01-14 10:38:17] ✅ Bildirim gonderildi: User ID 2
[2026-01-14 10:38:18] Fırsatlar 'bildirildi' olarak işaretlendi: 5 adet
[2026-01-14 10:38:18] Bildirim gonderimi tamamlandi.
[2026-01-14 13:21:39] Yeni fırsat yok.
[2026-01-14 13:21:42] Yeni fırsat yok.
[2026-01-15 05:31:03] Gönderilecek fırsat yok.
[2026-01-15 06:50:07] Gönderilecek fırsat yok.
